{
  "RSpec": {
    "coverage": {
      "/Users/laurenashton/Projects/bookmark-manager/app.rb": {
        "lines": [
          1,
          1,
          1,
          null,
          1,
          1,
          null,
          1,
          1,
          null,
          null,
          1,
          1,
          1,
          null,
          null
        ]
      },
      "/Users/laurenashton/Projects/bookmark-manager/lib/Bookmark.rb": {
        "lines": [
          1,
          null,
          1,
          1,
          2,
          2,
          8,
          null,
          null
        ]
      },
      "/Users/laurenashton/Projects/bookmark-manager/spec/features/bookmarks_spec.rb": {
        "lines": [
          1,
          1,
          1,
          1,
          1,
          null,
          null
        ]
      },
      "/Users/laurenashton/Projects/bookmark-manager/spec/features/database_spec.rb": {
        "lines": [
          1,
          1,
          1,
          1,
          1,
          1,
          null,
          null
        ]
      },
      "/Users/laurenashton/Projects/bookmark-manager/spec/features/index_spec.rb": {
        "lines": [
          1,
          1,
          1,
          1,
          null,
          null
        ]
      }
    },
    "timestamp": 1633968023
  }
}
