{
  "RSpec": {
    "coverage": {
      "/Users/laurenashton/Projects/bookmark-manager/app.rb": {
        "lines": [
          1,
          1,
          null,
          1,
          1,
          null,
          1,
          1,
          null,
          null
        ]
      },
      "/Users/laurenashton/Projects/bookmark-manager/spec/features/index_spec.rb": {
        "lines": [
          1,
          1,
          1,
          1,
          null,
          null
        ]
      }
    },
    "timestamp": 1633962773
  }
}
